<?xml version="1.0" encoding="UTF-8"?>
<!-- Generated by org.testng.reporters.JUnitReportReporter -->
<testsuite skipped="0" hostname="OJAS-DD282" name="com.qa.rest.test.APITest" tests="1" failures="0" timestamp="30 Mar 2021 13:01:21 GMT" time="1.004" errors="0">
  <testcase name="getAPITestWithoutHeaders" time="1.004" classname="com.qa.rest.test.APITest"/>
</testsuite> <!-- com.qa.rest.test.APITest -->
